2024-12-03 13:38:35,364 [INFO] Activator:176 - 


2024-12-03 13:38:35,364 [INFO] Activator:177 - !SESSION log4j initialized
2024-12-03 13:38:36,861 [INFO] LogOutputStream:77 - [STDOUT_REDIRECT] 
2024-12-03 13:38:37,889 [INFO] ApplicationProperties:184 - Using Application install path: C:\ST\STM32CubeIDE_1.13.1\STM32CubeIDE\plugins\com.st.stm32cube.common.mx_6.13.0.202411220809
2024-12-03 13:38:37,901 [INFO] DbMcusXml:78 - Set database path to: C:\ST\STM32CubeIDE_1.13.1\STM32CubeIDE\plugins\com.st.stm32cube.common.mx_6.13.0.202411220809\\db\/mcu/
2024-12-03 13:38:37,901 [INFO] ApiDb:274 - Set plugin database path to: C:\ST\STM32CubeIDE_1.13.1\STM32CubeIDE\plugins\com.st.stm32cube.common.mx_6.13.0.202411220809\\db\/plugins/boardmanager/
2024-12-03 13:38:37,902 [WARN] ApiDb:259 - Overriding images path with different value:  => C:\ST\STM32CubeIDE_1.13.1\STM32CubeIDE\plugins\com.st.stm32cube.common.mx_6.13.0.202411220809\\db\/plugins/mcufinder/images/
2024-12-03 13:38:37,905 [INFO] ApiDb:250 - Set database path to: C:\Users\au086907\.stmcufinder\plugins\mcufinder//mcu/
2024-12-03 13:38:37,906 [INFO] DbMcusAds:125 - Set database path to: C:\Users\au086907\.stmcufinder\plugins\mcufinder//mcu/
2024-12-03 13:38:37,907 [INFO] CrossReferenceDbSqlite:203 - Set database path to: C:\Users\au086907\.stmcufinder\plugins\mcufinder//mcu/cs/
2024-12-03 13:38:37,994 [INFO] RulesReader:64 - Compatibility file has been processed (297 Rules)
2024-12-03 13:38:38,048 [INFO] DbMcusXml:78 - Set database path to: C:\ST\STM32CubeIDE_1.13.1\STM32CubeIDE\plugins\com.st.stm32cube.common.mx_6.13.0.202411220809\\db\/mcu/
2024-12-03 13:38:38,048 [INFO] ApiDb:274 - Set plugin database path to: C:\ST\STM32CubeIDE_1.13.1\STM32CubeIDE\plugins\com.st.stm32cube.common.mx_6.13.0.202411220809\\db\/plugins/boardmanager/
2024-12-03 13:38:38,048 [INFO] ApiDb:261 - Set plugin images path to: C:\ST\STM32CubeIDE_1.13.1\STM32CubeIDE\plugins\com.st.stm32cube.common.mx_6.13.0.202411220809\\db\/plugins/mcufinder/images/
2024-12-03 13:38:38,048 [WARN] DbFile:41 - Overriding database path with different value: C:\Users\au086907\.stmcufinder\plugins\mcufinder/ => C:\Users\au086907\.stmcufinder\plugins\mcufinder
2024-12-03 13:38:38,048 [INFO] ApiDb:250 - Set database path to: C:\Users\au086907\.stmcufinder\plugins\mcufinder//mcu/
2024-12-03 13:38:38,048 [WARN] DbFile:41 - Overriding database path with different value: C:\Users\au086907\.stmcufinder\plugins\mcufinder/ => C:\Users\au086907\.stmcufinder\plugins\mcufinder
2024-12-03 13:38:38,048 [INFO] DbMcusAds:125 - Set database path to: C:\Users\au086907\.stmcufinder\plugins\mcufinder//mcu/
2024-12-03 13:38:38,048 [WARN] DbFile:41 - Overriding database path with different value: C:\Users\au086907\.stmcufinder\plugins\mcufinder/ => C:\Users\au086907\.stmcufinder\plugins\mcufinder
2024-12-03 13:38:38,048 [WARN] DbFile:41 - Overriding database path with different value: C:\Users\au086907\.stmcufinder\plugins\mcufinder/ => C:\Users\au086907\.stmcufinder\plugins\mcufinder
2024-12-03 13:38:38,048 [INFO] CrossReferenceDbSqlite:203 - Set database path to: C:\Users\au086907\.stmcufinder\plugins\mcufinder//mcu/cs/
2024-12-03 13:38:38,096 [INFO] MainPanel:272 - HeapMemory: 268435456
2024-12-03 13:38:38,141 [INFO] DbMcusXml:78 - Set database path to: C:\ST\STM32CubeIDE_1.13.1\STM32CubeIDE\plugins\com.st.stm32cube.common.mx_6.13.0.202411220809\\db\/mcu/
2024-12-03 13:38:38,141 [INFO] ApiDb:274 - Set plugin database path to: C:\ST\STM32CubeIDE_1.13.1\STM32CubeIDE\plugins\com.st.stm32cube.common.mx_6.13.0.202411220809\\db\/plugins/boardmanager/
2024-12-03 13:38:38,141 [INFO] ApiDb:261 - Set plugin images path to: C:\ST\STM32CubeIDE_1.13.1\STM32CubeIDE\plugins\com.st.stm32cube.common.mx_6.13.0.202411220809\\db\/plugins/mcufinder/images/
2024-12-03 13:38:38,141 [WARN] DbFile:41 - Overriding database path with different value: C:\Users\au086907\.stmcufinder\plugins\mcufinder/ => C:\Users\au086907\.stmcufinder\plugins\mcufinder
2024-12-03 13:38:38,141 [INFO] ApiDb:250 - Set database path to: C:\Users\au086907\.stmcufinder\plugins\mcufinder//mcu/
2024-12-03 13:38:38,141 [WARN] DbFile:41 - Overriding database path with different value: C:\Users\au086907\.stmcufinder\plugins\mcufinder/ => C:\Users\au086907\.stmcufinder\plugins\mcufinder
2024-12-03 13:38:38,142 [INFO] DbMcusAds:125 - Set database path to: C:\Users\au086907\.stmcufinder\plugins\mcufinder//mcu/
2024-12-03 13:38:38,142 [WARN] DbFile:41 - Overriding database path with different value: C:\Users\au086907\.stmcufinder\plugins\mcufinder/ => C:\Users\au086907\.stmcufinder\plugins\mcufinder
2024-12-03 13:38:38,142 [WARN] DbFile:41 - Overriding database path with different value: C:\Users\au086907\.stmcufinder\plugins\mcufinder/ => C:\Users\au086907\.stmcufinder\plugins\mcufinder
2024-12-03 13:38:38,142 [INFO] CrossReferenceDbSqlite:203 - Set database path to: C:\Users\au086907\.stmcufinder\plugins\mcufinder//mcu/cs/
2024-12-03 13:38:38,153 [INFO] ApplicationProperties:184 - Using Application install path: C:\ST\STM32CubeIDE_1.13.1\STM32CubeIDE\plugins\com.st.stm32cube.common.mx_6.13.0.202411220809
2024-12-03 13:38:38,154 [INFO] PluginManage:196 - Search for loadable plugins [exclusion list=, ]
2024-12-03 13:38:38,155 [INFO] PluginManage:310 - Check plugin analytics
2024-12-03 13:38:38,275 [INFO] AnalyticsPlugin:253 - Accepted Software Licenses: 
2024-12-03 13:38:38,275 [INFO] AnalyticsPlugin:255 - Accepted CMSIS Pack Licenses: 
2024-12-03 13:38:38,275 [INFO] AnalyticsPlugin:257 - Accepted Firmware Licenses: 
2024-12-03 13:38:38,276 [INFO] PluginManage:359 - Loaded plugin analytics (category:tool,tabindex:-1)
2024-12-03 13:38:38,277 [INFO] PluginManage:310 - Check plugin cadmodel
2024-12-03 13:38:38,280 [INFO] CADModel:105 - Init CAD model plugin
2024-12-03 13:38:38,280 [INFO] PluginManage:359 - Loaded plugin cadmodel (category:power,tabindex:5)
2024-12-03 13:38:38,280 [INFO] PluginManage:310 - Check plugin clock
2024-12-03 13:38:38,286 [INFO] PluginManage:359 - Loaded plugin clock (category:base,tabindex:2)
2024-12-03 13:38:38,287 [INFO] PluginManage:310 - Check plugin ddr
2024-12-03 13:38:38,288 [INFO] PluginManage:359 - Loaded plugin ddr (category:tool,tabindex:6)
2024-12-03 13:38:38,288 [INFO] PluginManage:310 - Check plugin filemanager
2024-12-03 13:38:38,404 [INFO] PluginManage:359 - Loaded plugin filemanager (category:base,tabindex:10)
2024-12-03 13:38:38,404 [INFO] PluginManage:310 - Check plugin ipmanager
2024-12-03 13:38:38,409 [INFO] PluginManage:359 - Loaded plugin ipmanager (category:base,tabindex:5)
2024-12-03 13:38:38,409 [INFO] PluginManage:310 - Check plugin lpbam
2024-12-03 13:38:38,425 [INFO] PluginManage:359 - Loaded plugin lpbam (category:base,tabindex:0)
2024-12-03 13:38:38,426 [INFO] PluginManage:310 - Check plugin memorymap
2024-12-03 13:38:38,433 [INFO] PluginManage:359 - Loaded plugin memorymap (category:base,tabindex:4)
2024-12-03 13:38:38,433 [INFO] PluginManage:310 - Check plugin pinoutandconfiguration
2024-12-03 13:38:38,438 [INFO] PluginManage:359 - Loaded plugin pinoutandconfiguration (category:base,tabindex:1)
2024-12-03 13:38:38,439 [INFO] PluginManage:310 - Check plugin pinoutconfig
2024-12-03 13:38:38,490 [WARN] SupportedApi:132 - Cannot load RTOS API schema: s4s-elt-must-match.1: The content of 'definitions' must match (annotation?, (simpleType | complexType)?, (unique | key | keyref)*)). A problem was found starting at: attribute.
2024-12-03 13:38:38,561 [INFO] PluginManage:359 - Loaded plugin pinoutconfig (category:base,tabindex:0)
2024-12-03 13:38:38,561 [INFO] PluginManage:310 - Check plugin power
2024-12-03 13:38:38,566 [INFO] PluginManage:359 - Loaded plugin power (category:power,tabindex:4)
2024-12-03 13:38:38,566 [INFO] PluginManage:310 - Check plugin projectmanager
2024-12-03 13:38:38,575 [INFO] PluginManage:359 - Loaded plugin projectmanager (category:projectmanager,tabindex:4)
2024-12-03 13:38:38,575 [INFO] PluginManage:310 - Check plugin rif
2024-12-03 13:38:38,578 [INFO] PluginManage:359 - Loaded plugin rif (category:base,tabindex:3)
2024-12-03 13:38:38,578 [INFO] PluginManage:310 - Check plugin thirdparty
2024-12-03 13:38:38,644 [INFO] PluginManage:359 - Loaded plugin thirdparty (category:base,tabindex:-1)
2024-12-03 13:38:38,644 [WARN] IntegrityCheckThread:84 - waiting for thirdparty lock release [integrity check]
2024-12-03 13:38:38,644 [INFO] PluginManage:310 - Check plugin tools
2024-12-03 13:38:38,644 [INFO] IntegrityCheckThread:86 - entering critical section [integrity check]
2024-12-03 13:38:38,645 [INFO] ThirdPartyUpdaterWithRetryManager:70 - Updater plugin not ready yet. [1/15]
2024-12-03 13:38:38,646 [INFO] PluginManage:359 - Loaded plugin tools (category:base,tabindex:7)
2024-12-03 13:38:38,646 [INFO] PluginManage:310 - Check plugin tutovideos
2024-12-03 13:38:38,730 [INFO] PluginManage:359 - Loaded plugin tutovideos (category:base,tabindex:-1)
2024-12-03 13:38:38,731 [INFO] PluginManage:310 - Check plugin updater
2024-12-03 13:38:38,744 [INFO] PluginManage:359 - Loaded plugin updater (category:base,tabindex:12)
2024-12-03 13:38:38,745 [INFO] PluginManage:310 - Check plugin userauth
2024-12-03 13:38:38,747 [INFO] UserAuth:118 - Init User Auth plugin
2024-12-03 13:38:38,747 [INFO] PluginManage:359 - Loaded plugin userauth (category:base,tabindex:14)
2024-12-03 13:38:38,747 [INFO] PluginManage:283 - PluginManage : Loaded plugins [18]
2024-12-03 13:38:38,877 [INFO] PinOutPanel:1589 - setPackage(No Configuration,No Configuration)
2024-12-03 13:38:38,927 [INFO] CADModel:165 - CPN selected for project level
2024-12-03 13:38:38,928 [INFO] CADModel:114 - Register for checkConnection events
2024-12-03 13:38:38,936 [INFO] IPUIPlugin:80 - create IPUIPlugin
2024-12-03 13:38:38,936 [INFO] PluginManager:220 - loadIPPluginJar : add adc
2024-12-03 13:38:38,937 [INFO] IPUIPlugin:80 - create IPUIPlugin
2024-12-03 13:38:38,937 [INFO] PluginManager:220 - loadIPPluginJar : add aes
2024-12-03 13:38:38,939 [INFO] IPUIPlugin:80 - create IPUIPlugin
2024-12-03 13:38:38,939 [INFO] PluginManager:220 - loadIPPluginJar : add can
2024-12-03 13:38:38,939 [INFO] IPUIPlugin:80 - create IPUIPlugin
2024-12-03 13:38:38,940 [INFO] PluginManager:220 - loadIPPluginJar : add comp
2024-12-03 13:38:38,940 [INFO] IPUIPlugin:80 - create IPUIPlugin
2024-12-03 13:38:38,941 [INFO] PluginManager:220 - loadIPPluginJar : add cryp
2024-12-03 13:38:38,942 [INFO] IPUIPlugin:80 - create IPUIPlugin
2024-12-03 13:38:38,942 [INFO] PluginManager:220 - loadIPPluginJar : add ddr_ctrl_phy
2024-12-03 13:38:38,943 [INFO] IPUIPlugin:80 - create IPUIPlugin
2024-12-03 13:38:38,943 [INFO] PluginManager:220 - loadIPPluginJar : add dfsdm
2024-12-03 13:38:38,945 [INFO] IPUIPlugin:80 - create IPUIPlugin
2024-12-03 13:38:38,945 [INFO] PluginManager:220 - loadIPPluginJar : add dma
2024-12-03 13:38:38,947 [INFO] IPUIPlugin:80 - create IPUIPlugin
2024-12-03 13:38:38,947 [INFO] PluginManager:220 - loadIPPluginJar : add dma3
2024-12-03 13:38:38,948 [INFO] IPUIPlugin:80 - create IPUIPlugin
2024-12-03 13:38:38,948 [INFO] PluginManager:220 - loadIPPluginJar : add extmemmanager
2024-12-03 13:38:38,949 [INFO] IPUIPlugin:80 - create IPUIPlugin
2024-12-03 13:38:38,949 [INFO] PluginManager:220 - loadIPPluginJar : add fatfs
2024-12-03 13:38:38,951 [INFO] IPUIPlugin:80 - create IPUIPlugin
2024-12-03 13:38:38,951 [INFO] PluginManager:220 - loadIPPluginJar : add fmc
2024-12-03 13:38:38,954 [INFO] IPUIPlugin:80 - create IPUIPlugin
2024-12-03 13:38:38,955 [INFO] PluginManager:220 - loadIPPluginJar : add freertos
2024-12-03 13:38:38,955 [INFO] IPUIPlugin:80 - create IPUIPlugin
2024-12-03 13:38:38,955 [INFO] PluginManager:220 - loadIPPluginJar : add genericplugin
2024-12-03 13:38:38,956 [INFO] IPUIPlugin:80 - create IPUIPlugin
2024-12-03 13:38:38,956 [INFO] PluginManager:220 - loadIPPluginJar : add gfxmmu
2024-12-03 13:38:38,959 [INFO] IPUIPlugin:80 - create IPUIPlugin
2024-12-03 13:38:38,959 [INFO] PluginManager:220 - loadIPPluginJar : add gic
2024-12-03 13:38:38,961 [INFO] IPUIPlugin:80 - create IPUIPlugin
2024-12-03 13:38:38,961 [INFO] PluginManager:220 - loadIPPluginJar : add gpio
2024-12-03 13:38:38,962 [INFO] IPUIPlugin:80 - create IPUIPlugin
2024-12-03 13:38:38,963 [INFO] PluginManager:220 - loadIPPluginJar : add gtzc
2024-12-03 13:38:38,964 [INFO] IPUIPlugin:80 - create IPUIPlugin
2024-12-03 13:38:38,964 [INFO] PluginManager:220 - loadIPPluginJar : add hash
2024-12-03 13:38:38,965 [INFO] IPUIPlugin:80 - create IPUIPlugin
2024-12-03 13:38:38,965 [INFO] PluginManager:220 - loadIPPluginJar : add i2c
2024-12-03 13:38:38,966 [INFO] IPUIPlugin:80 - create IPUIPlugin
2024-12-03 13:38:38,966 [INFO] PluginManager:220 - loadIPPluginJar : add i2s
2024-12-03 13:38:38,968 [INFO] IPUIPlugin:80 - create IPUIPlugin
2024-12-03 13:38:38,968 [INFO] PluginManager:220 - loadIPPluginJar : add i3c
2024-12-03 13:38:38,969 [INFO] IPUIPlugin:80 - create IPUIPlugin
2024-12-03 13:38:38,969 [INFO] PluginManager:220 - loadIPPluginJar : add ipddr
2024-12-03 13:38:38,973 [INFO] IPUIPlugin:80 - create IPUIPlugin
2024-12-03 13:38:38,973 [INFO] PluginManager:220 - loadIPPluginJar : add linkedlist
2024-12-03 13:38:38,974 [INFO] IPUIPlugin:80 - create IPUIPlugin
2024-12-03 13:38:38,974 [INFO] PluginManager:220 - loadIPPluginJar : add lorawan
2024-12-03 13:38:38,975 [INFO] IPUIPlugin:80 - create IPUIPlugin
2024-12-03 13:38:38,975 [INFO] PluginManager:220 - loadIPPluginJar : add ltdc
2024-12-03 13:38:38,978 [INFO] IPUIPlugin:80 - create IPUIPlugin
2024-12-03 13:38:38,978 [INFO] PluginManager:220 - loadIPPluginJar : add mdma
2024-12-03 13:38:38,980 [INFO] IPUIPlugin:80 - create IPUIPlugin
2024-12-03 13:38:38,980 [INFO] PluginManager:220 - loadIPPluginJar : add nvic
2024-12-03 13:38:38,982 [INFO] IPUIPlugin:80 - create IPUIPlugin
2024-12-03 13:38:38,982 [INFO] PluginManager:220 - loadIPPluginJar : add opamp
2024-12-03 13:38:38,984 [INFO] IPUIPlugin:80 - create IPUIPlugin
2024-12-03 13:38:38,984 [INFO] PluginManager:220 - loadIPPluginJar : add openamp
2024-12-03 13:38:38,985 [INFO] IPUIPlugin:80 - create IPUIPlugin
2024-12-03 13:38:38,986 [INFO] PluginManager:220 - loadIPPluginJar : add pdm2pcm
2024-12-03 13:38:38,989 [INFO] IPUIPlugin:80 - create IPUIPlugin
2024-12-03 13:38:38,990 [INFO] PluginManager:220 - loadIPPluginJar : add plateformsettings
2024-12-03 13:38:38,991 [INFO] IPUIPlugin:80 - create IPUIPlugin
2024-12-03 13:38:38,991 [INFO] PluginManager:220 - loadIPPluginJar : add quadspi
2024-12-03 13:38:38,992 [INFO] IPUIPlugin:80 - create IPUIPlugin
2024-12-03 13:38:38,993 [INFO] PluginManager:220 - loadIPPluginJar : add radio
2024-12-03 13:38:38,994 [INFO] IPUIPlugin:80 - create IPUIPlugin
2024-12-03 13:38:38,994 [INFO] PluginManager:220 - loadIPPluginJar : add resmgrutility
2024-12-03 13:38:38,996 [INFO] IPUIPlugin:80 - create IPUIPlugin
2024-12-03 13:38:38,996 [INFO] PluginManager:220 - loadIPPluginJar : add sai
2024-12-03 13:38:38,997 [INFO] IPUIPlugin:80 - create IPUIPlugin
2024-12-03 13:38:38,997 [INFO] PluginManager:220 - loadIPPluginJar : add spi
2024-12-03 13:38:39,000 [INFO] IPUIPlugin:80 - create IPUIPlugin
2024-12-03 13:38:39,000 [INFO] PluginManager:220 - loadIPPluginJar : add stm32_wpan
2024-12-03 13:38:39,001 [INFO] IPUIPlugin:80 - create IPUIPlugin
2024-12-03 13:38:39,001 [INFO] PluginManager:220 - loadIPPluginJar : add tim
2024-12-03 13:38:39,003 [INFO] IPUIPlugin:80 - create IPUIPlugin
2024-12-03 13:38:39,003 [INFO] PluginManager:220 - loadIPPluginJar : add touchsensing
2024-12-03 13:38:39,004 [INFO] IPUIPlugin:80 - create IPUIPlugin
2024-12-03 13:38:39,004 [INFO] PluginManager:220 - loadIPPluginJar : add tracer_emb
2024-12-03 13:38:39,005 [INFO] IPUIPlugin:80 - create IPUIPlugin
2024-12-03 13:38:39,005 [INFO] PluginManager:220 - loadIPPluginJar : add ts
2024-12-03 13:38:39,006 [INFO] IPUIPlugin:80 - create IPUIPlugin
2024-12-03 13:38:39,006 [INFO] PluginManager:220 - loadIPPluginJar : add tsc
2024-12-03 13:38:39,007 [INFO] IPUIPlugin:80 - create IPUIPlugin
2024-12-03 13:38:39,007 [INFO] PluginManager:220 - loadIPPluginJar : add ucpd
2024-12-03 13:38:39,009 [INFO] IPUIPlugin:80 - create IPUIPlugin
2024-12-03 13:38:39,009 [INFO] PluginManager:220 - loadIPPluginJar : add usart
2024-12-03 13:38:39,011 [INFO] IPUIPlugin:80 - create IPUIPlugin
2024-12-03 13:38:39,011 [INFO] PluginManager:220 - loadIPPluginJar : add usbx
2024-12-03 13:38:39,122 [FATAL] Updater:351 - Updater called before beeing initialized
2024-12-03 13:38:39,145 [INFO] RulesReader:64 - Compatibility file has been processed (297 Rules)
2024-12-03 13:38:39,154 [INFO] RulesReader:64 - Compatibility file has been processed (297 Rules)
2024-12-03 13:38:39,161 [INFO] CADModel:165 - CPN selected for project level
2024-12-03 13:38:39,161 [INFO] CADModel:114 - Register for checkConnection events
2024-12-03 13:38:39,161 [FATAL] Updater:351 - Updater called before beeing initialized
2024-12-03 13:38:39,161 [ERROR] CADModel:125 - Updater not yet initialized, retry later 
2024-12-03 13:38:39,228 [FATAL] Updater:351 - Updater called before beeing initialized
2024-12-03 13:38:39,229 [INFO] CADModel:165 - CPN selected for project level
2024-12-03 13:38:39,229 [INFO] CADModel:114 - Register for checkConnection events
2024-12-03 13:38:39,229 [FATAL] Updater:351 - Updater called before beeing initialized
2024-12-03 13:38:39,229 [ERROR] CADModel:125 - Updater not yet initialized, retry later 
2024-12-03 13:38:39,230 [FATAL] Updater:351 - Updater called before beeing initialized
2024-12-03 13:38:39,298 [FATAL] Updater:351 - Updater called before beeing initialized
2024-12-03 13:38:39,300 [INFO] DbMcusAds:53 - JSON generation date=Thu Sep 30 08:55:09 CEST 2021 (1632984909247)
2024-12-03 13:38:39,300 [FATAL] Updater:351 - Updater called before beeing initialized
2024-12-03 13:38:39,319 [WARN] DetailPanel:346 - Failed to get advertising image, set to default
2024-12-03 13:38:39,471 [FATAL] Updater:351 - Updater called before beeing initialized
2024-12-03 13:38:39,472 [FATAL] Updater:351 - Updater called before beeing initialized
2024-12-03 13:38:39,472 [FATAL] Updater:351 - Updater called before beeing initialized
2024-12-03 13:38:39,472 [WARN] DetailPanel:346 - Failed to get advertising image, set to default
2024-12-03 13:38:39,472 [FATAL] Updater:351 - Updater called before beeing initialized
2024-12-03 13:38:39,500 [ERROR] Updater:1198 - MainUpdater not yet initialized. External WinMGr cannot be set.
2024-12-03 13:38:39,501 [INFO] Updater:1134 - Updater Version found : 6.13.0
2024-12-03 13:38:39,511 [INFO] ApplicationProperties:184 - Using Application install path: C:\ST\STM32CubeIDE_1.13.1\STM32CubeIDE\plugins\com.st.stm32cube.common.mx_6.13.0.202411220809
2024-12-03 13:38:39,666 [INFO] MainUpdater:2872 - connection check result : 10
2024-12-03 13:38:39,667 [INFO] MainUpdater:289 - Updater Check For Update Now.
2024-12-03 13:38:39,667 [INFO] MicroXplorer:498 - Change Database Version : DB.6.0.130
2024-12-03 13:38:39,671 [INFO] McuFinderGlobals:63 - Set McuFinder mode to 2 (CubeIDE integrated)
2024-12-03 13:38:39,672 [INFO] UserAuth:486 - Internet connection configuration mode: 1
2024-12-03 13:38:39,683 [INFO] JxBrowserEngine:152 - Initiate JxBrowser Engine with user profile folder
2024-12-03 13:38:39,817 [INFO] CheckServerUpdateThread:120 - End of CheckServer Thread
2024-12-03 13:38:40,058 [INFO] WebApp:168 - Instantiating new browser for Auth
2024-12-03 13:38:40,457 [INFO] WebApp:449 - Apply proxy settings
2024-12-03 13:38:40,457 [INFO] WebApp:534 - Chromium requires no authentication
2024-12-03 13:38:40,464 [INFO] WebApp:477 - Direct internet connection detected
2024-12-03 13:38:40,479 [INFO] WebApp:880 - Register for checkConnection events
2024-12-03 13:38:40,479 [INFO] WebApp:449 - Apply proxy settings
2024-12-03 13:38:40,479 [INFO] WebApp:534 - Chromium requires no authentication
2024-12-03 13:38:40,479 [INFO] WebApp:477 - Direct internet connection detected
2024-12-03 13:38:40,568 [INFO] WebApp:221 - Starting web application
2024-12-03 13:38:40,568 [INFO] WebApp:579 - Web application path used C:\ST\STM32CubeIDE_1.13.1\STM32CubeIDE\plugins\com.st.stm32cube.common.mx_6.13.0.202411220809\db\plugins\mcufinder\reactClient1\index.html
2024-12-03 13:38:40,623 [INFO] UserAuth:486 - Internet connection configuration mode: 1
2024-12-03 13:38:40,732 [INFO] WebApp:187 - Connection restablished
2024-12-03 13:38:41,749 [WARN] PackLoader:240 - Cannot read IP mode file for STMicroelectronics.FP-SNS-MOTENVWB1.1.4.0
2024-12-03 13:38:41,757 [WARN] PackLoader:240 - Cannot read IP mode file for STMicroelectronics.FP-ATR-ASTRA1.2.0.1
2024-12-03 13:38:41,766 [WARN] PackLoader:240 - Cannot read IP mode file for STMicroelectronics.X-CUBE-SMBUS.2.1.0
2024-12-03 13:38:41,780 [WARN] PackLoader:240 - Cannot read IP mode file for STMicroelectronics.X-CUBE-WB05N.1.1.0
2024-12-03 13:38:41,799 [WARN] PackLoader:240 - Cannot read IP mode file for STMicroelectronics.X-CUBE-AZRTOS-F7.1.1.0
2024-12-03 13:38:41,830 [WARN] PackLoader:240 - Cannot read IP mode file for STMicroelectronics.X-CUBE-MEMS1.11.0.0
2024-12-03 13:38:41,922 [WARN] PackLoader:240 - Cannot read IP mode file for STMicroelectronics.FP-SNS-FLIGHT1.5.0.2
2024-12-03 13:38:41,931 [WARN] PackLoader:240 - Cannot read IP mode file for STMicroelectronics.X-CUBE-DISPLAY.3.0.0
2024-12-03 13:38:41,941 [WARN] PackLoader:240 - Cannot read IP mode file for STMicroelectronics.X-CUBE-BLE1.7.0.0
2024-12-03 13:38:41,948 [WARN] PackLoader:240 - Cannot read IP mode file for STMicroelectronics.X-CUBE-NFC10.1.0.0
2024-12-03 13:38:41,971 [WARN] PackLoader:240 - Cannot read IP mode file for emotas.I-CUBE-CANOPEN.1.3.0
2024-12-03 13:38:41,980 [WARN] PackLoader:240 - Cannot read IP mode file for STMicroelectronics.X-CUBE-BLEMGR.3.1.0
2024-12-03 13:38:41,987 [WARN] PackLoader:240 - Cannot read IP mode file for STMicroelectronics.FP-SNS-SMARTAG2.1.2.0
2024-12-03 13:38:41,995 [INFO] LogOutputStream:77 - [STDOUT_REDIRECT] 1 : Invalid condition id : UX_CORESTACK_Condition cause : null
2024-12-03 13:38:41,995 [INFO] LogOutputStream:77 - [STDOUT_REDIRECT] 1 : Invalid condition id : UX_CORESTACK_Condition cause : null
2024-12-03 13:38:41,995 [INFO] LogOutputStream:77 - [STDOUT_REDIRECT] 1 : Invalid condition id : UX_CORESTACK_Condition cause : null
2024-12-03 13:38:41,996 [INFO] LogOutputStream:77 - [STDOUT_REDIRECT] 1 : Invalid condition id : UX_CORESTACK_Condition cause : null
2024-12-03 13:38:41,996 [INFO] LogOutputStream:77 - [STDOUT_REDIRECT] 1 : Invalid condition id : UX_CORESTACK_Condition cause : null
2024-12-03 13:38:41,998 [WARN] PackLoader:240 - Cannot read IP mode file for STMicroelectronics.X-CUBE-AZRTOS-WL.2.0.0
2024-12-03 13:38:42,001 [WARN] PackLoader:240 - Cannot read IP mode file for STMicroelectronics.FP-SNS-MOTENV1.5.0.0
2024-12-03 13:38:42,005 [WARN] PackLoader:240 - Cannot read IP mode file for wolfSSL.I-CUBE-wolfMQTT.1.19.0
2024-12-03 13:38:42,008 [WARN] PackLoader:240 - Cannot read IP mode file for WES.I-CUBE-Cesium.1.3.0
2024-12-03 13:38:42,011 [WARN] PackLoader:240 - Cannot read IP mode file for STMicroelectronics.X-CUBE-BLE2.3.3.0
2024-12-03 13:38:42,014 [WARN] PackLoader:240 - Cannot read IP mode file for STMicroelectronics.X-CUBE-NFC9.1.0.0
2024-12-03 13:38:42,017 [WARN] PackLoader:240 - Cannot read IP mode file for STMicroelectronics.X-CUBE-TCPP.4.1.0
2024-12-03 13:38:42,025 [WARN] PackLoader:240 - Cannot read IP mode file for STMicroelectronics.X-CUBE-AZRTOS-G0.1.1.0
2024-12-03 13:38:42,031 [WARN] PackLoader:240 - Cannot read IP mode file for STMicroelectronics.X-CUBE-SAFEA1.1.2.2
2024-12-03 13:38:42,034 [WARN] PackLoader:240 - Cannot read IP mode file for STMicroelectronics.X-CUBE-NFC4.3.0.0
2024-12-03 13:38:42,040 [WARN] PackLoader:240 - Cannot read IP mode file for EmbeddedOffice.I-CUBE-FS-RTOS.1.0.1
2024-12-03 13:38:42,043 [WARN] PackLoader:240 - Cannot read IP mode file for RealThread.X-CUBE-RT-Thread_Nano.4.1.1
2024-12-03 13:38:42,045 [WARN] PackLoader:240 - Cannot read IP mode file for STMicroelectronics.FP-ATR-SIGFOX1.3.2.0
2024-12-03 13:38:42,047 [WARN] ConditionMgr:438 - getConditionDescription Invalid condition id : Cortex-A Device cause : null
2024-12-03 13:38:42,056 [WARN] ConditionMgr:1044 - genDependencies : Invalid condition id : Cortex-A Device cause : null
2024-12-03 13:38:42,057 [WARN] ConditionMgr:1044 - genDependencies : Invalid condition id : Cortex-A Device cause : null
2024-12-03 13:38:42,057 [WARN] ConditionMgr:1044 - genDependencies : Invalid condition id : Cortex-A Device cause : null
2024-12-03 13:38:42,059 [WARN] PackLoader:240 - Cannot read IP mode file for STMicroelectronics.X-CUBE-EEPRMA1.5.1.0
2024-12-03 13:38:42,062 [WARN] PackLoader:240 - Cannot read IP mode file for wolfSSL.I-CUBE-wolfSSL.5.7.4
2024-12-03 13:38:42,065 [WARN] PackLoader:240 - Cannot read IP mode file for ITTIA_DB.I-CUBE-ITTIADB.8.9.0
2024-12-03 13:38:42,079 [WARN] PackLoader:240 - Cannot read IP mode file for SEGGER.I-CUBE-embOS.1.3.1
2024-12-03 13:38:42,098 [WARN] PackLoader:240 - Cannot read IP mode file for STMicroelectronics.X-CUBE-ALGOBUILD.1.4.0
2024-12-03 13:38:42,101 [WARN] PackLoader:240 - Cannot read IP mode file for STMicroelectronics.X-CUBE-AI.9.1.0
2024-12-03 13:38:42,109 [WARN] PackLoader:240 - Cannot read IP mode file for STMicroelectronics.X-CUBE-AZRTOS-F4.1.1.0
2024-12-03 13:38:42,112 [WARN] PackLoader:240 - Cannot read IP mode file for STMicroelectronics.X-CUBE-ISPU.2.1.0
2024-12-03 13:38:42,114 [WARN] PackLoader:240 - Cannot read IP mode file for STMicroelectronics.X-CUBE-FREERTOS.1.2.0
2024-12-03 13:38:42,122 [WARN] PackLoader:240 - Cannot read IP mode file for STMicroelectronics.X-CUBE-AZRTOS-L5.2.0.0
2024-12-03 13:38:42,126 [WARN] PackLoader:240 - Cannot read IP mode file for STMicroelectronics.X-CUBE-NFC6.3.1.0
2024-12-03 13:38:42,129 [WARN] PackLoader:240 - Cannot read IP mode file for STMicroelectronics.X-CUBE-DPower.1.2.0
2024-12-03 13:38:42,132 [WARN] PackLoader:240 - Cannot read IP mode file for STMicroelectronics.X-CUBE-NFC7.1.0.1
2024-12-03 13:38:42,140 [WARN] ConditionMgr:438 - getConditionDescription Invalid condition id : LAN8742 Phy interface Condition cause : null
2024-12-03 13:38:42,140 [WARN] PackLoader:240 - Cannot read IP mode file for STMicroelectronics.X-CUBE-AZRTOS-L4.2.0.0
2024-12-03 13:38:42,141 [WARN] ConditionMgr:1044 - genDependencies : Invalid condition id : LAN8742 Phy interface Condition cause : null
2024-12-03 13:38:42,141 [WARN] ConditionMgr:1044 - genDependencies : Invalid condition id : LAN8742 Phy interface Condition cause : null
2024-12-03 13:38:42,141 [WARN] ConditionMgr:1044 - genDependencies : Invalid condition id : LAN8742 Phy interface Condition cause : null
2024-12-03 13:38:42,145 [WARN] PackLoader:240 - Cannot read IP mode file for STMicroelectronics.X-CUBE-SFXS2LP1.4.0.0
2024-12-03 13:38:42,153 [WARN] PackLoader:240 - Cannot read IP mode file for STMicroelectronics.X-CUBE-AZRTOS-H7.3.3.0
2024-12-03 13:38:42,159 [WARN] PackLoader:240 - Cannot read IP mode file for STMicroelectronics.X-CUBE-IPS.3.0.0
2024-12-03 13:38:42,166 [WARN] ConditionMgr:438 - getConditionDescription Invalid condition id : UX DEVICE CLASS RTOS Condition cause : null
2024-12-03 13:38:42,166 [WARN] ConditionMgr:438 - getConditionDescription Invalid condition id : UX DEVICE CLASS RTOS Condition cause : null
2024-12-03 13:38:42,167 [WARN] PackLoader:240 - Cannot read IP mode file for STMicroelectronics.X-CUBE-AZRTOS-WB.2.0.0
2024-12-03 13:38:42,167 [WARN] ConditionMgr:1044 - genDependencies : Invalid condition id : UX DEVICE CLASS RTOS Condition cause : null
2024-12-03 13:38:42,167 [WARN] ConditionMgr:1044 - genDependencies : Invalid condition id : UX DEVICE CLASS RTOS Condition cause : null
2024-12-03 13:38:42,173 [WARN] ConditionMgr:1044 - genDependencies : Invalid condition id : UX DEVICE CLASS RTOS Condition cause : null
2024-12-03 13:38:42,173 [WARN] ConditionMgr:1044 - genDependencies : Invalid condition id : UX DEVICE CLASS RTOS Condition cause : null
2024-12-03 13:38:42,174 [WARN] ConditionMgr:1044 - genDependencies : Invalid condition id : UX DEVICE CLASS RTOS Condition cause : null
2024-12-03 13:38:42,177 [WARN] PackLoader:240 - Cannot read IP mode file for STMicroelectronics.X-CUBE-GNSS1.7.0.0
2024-12-03 13:38:42,182 [WARN] PackLoader:240 - Cannot read IP mode file for STMicroelectronics.FP-SNS-STBOX1.2.0.0
2024-12-03 13:38:42,189 [WARN] PackLoader:240 - Cannot read IP mode file for STMicroelectronics.X-CUBE-SUBG2.5.0.0
2024-12-03 13:38:42,192 [WARN] PackLoader:240 - Cannot read IP mode file for Cesanta.I-CUBE-Mongoose.7.13.0
2024-12-03 13:38:42,198 [WARN] PackLoader:240 - Cannot read IP mode file for STMicroelectronics.X-CUBE-AZRTOS-G4.2.0.0
2024-12-03 13:38:42,200 [WARN] PackLoader:240 - Cannot read IP mode file for STMicroelectronics.X-CUBE-ALS.1.0.2
2024-12-03 13:38:42,204 [WARN] PackLoader:240 - Cannot read IP mode file for STMicroelectronics.X-CUBE-TOUCHGFX.4.24.1
2024-12-03 13:38:42,206 [WARN] PackLoader:240 - Cannot read IP mode file for wolfSSL.I-CUBE-wolfTPM.3.4.0
2024-12-03 13:38:42,209 [WARN] PackLoader:240 - Cannot read IP mode file for portGmbH.I-Cube-SoM-uGOAL.1.1.0
2024-12-03 13:38:42,216 [WARN] PackLoader:240 - Cannot read IP mode file for STMicroelectronics.X-CUBE-AZRTOS-H7RS.1.0.0
2024-12-03 13:38:42,224 [WARN] PackLoader:240 - Cannot read IP mode file for STMicroelectronics.X-CUBE-TOF1.3.4.2
2024-12-03 13:38:42,239 [WARN] PackLoader:240 - Cannot read IP mode file for Infineon.AIROC-Wi-Fi-Bluetooth-STM32.1.6.1
2024-12-03 13:38:42,244 [WARN] PackLoader:240 - Cannot read IP mode file for wolfSSL.I-CUBE-wolfSSH.1.4.17
2024-12-03 13:38:42,244 [INFO] ThirdParty:978 - Integrity check success = true
2024-12-03 13:38:42,244 [INFO] IntegrityCheckThread:100 - exiting critical section [integrity check]
2024-12-03 13:38:42,244 [INFO] IntegrityCheckThread:103 - End integrity checks thread
2024-12-03 13:39:51,221 [ERROR] LogOutputStream:75 - [STDERR_REDIRECT] 
